<?xml version="1.0" encoding="UTF-8"?>
<testsuite name="lms_tests.Tests_UI.TempUITests" tests="2" skipped="0" failures="0" errors="0" timestamp="2024-03-18T14:22:08" hostname="fv-az973-24" time="23.943">
  <properties/>
  <testcase name="fillManyTextBoxes" classname="lms_tests.Tests_UI.TempUITests" time="20.071"/>
  <testcase name="textBoxFillTest" classname="lms_tests.Tests_UI.TempUITests" time="3.316"/>
  <system-out><![CDATA[14:22:08.018 [Test worker] INFO  lms_tests.BaseTest -- [===================================[ fillManyTextBoxes ]===================================]
14:22:08.018 [Test worker] INFO  lms_tests.BaseTest -- TEST START;
14:22:28.396 [Test worker] INFO  lms_tests.BaseTest -- TEST PASSED, Time taken: [20378] milliseconds;
14:22:28.766 [Test worker] INFO  lms_tests.BaseTest -- [===================================[ textBoxFillTest ]===================================]
14:22:28.767 [Test worker] INFO  lms_tests.BaseTest -- TEST START;
14:22:32.532 [Test worker] INFO  lms_tests.BaseTest -- TEST PASSED, Time taken: [3765] milliseconds;
]]></system-out>
  <system-err><![CDATA[]]></system-err>
</testsuite>
