<?xml version="1.0" encoding="UTF-8"?>
<testsuite name="lms_tests.Tests_UI.TempUITests" tests="2" skipped="0" failures="0" errors="0" timestamp="2024-03-18T17:04:36" hostname="fv-az837-942" time="24.263">
  <properties/>
  <testcase name="fillManyTextBoxes" classname="lms_tests.Tests_UI.TempUITests" time="20.117"/>
  <testcase name="textBoxFillTest" classname="lms_tests.Tests_UI.TempUITests" time="3.4"/>
  <system-out><![CDATA[17:04:36.037 [Test worker] INFO  lms_tests.BaseTest -- [===================================[ fillManyTextBoxes ]===================================]
17:04:36.037 [Test worker] INFO  lms_tests.BaseTest -- TEST START;
17:04:56.527 [Test worker] INFO  lms_tests.BaseTest -- TEST PASSED, Time taken: [20490] milliseconds;
17:04:57.000 [Test worker] INFO  lms_tests.BaseTest -- [===================================[ textBoxFillTest ]===================================]
17:04:57.000 [Test worker] INFO  lms_tests.BaseTest -- TEST START;
17:05:00.827 [Test worker] INFO  lms_tests.BaseTest -- TEST PASSED, Time taken: [3826] milliseconds;
]]></system-out>
  <system-err><![CDATA[]]></system-err>
</testsuite>
