<?xml version="1.0" encoding="UTF-8"?>
<testsuite name="lms_tests.Tests_UI.TempUITests" tests="2" skipped="0" failures="0" errors="0" timestamp="2024-03-18T14:08:18" hostname="fv-az1391-39" time="23.786">
  <properties/>
  <testcase name="fillManyTextBoxes" classname="lms_tests.Tests_UI.TempUITests" time="19.859"/>
  <testcase name="textBoxFillTest" classname="lms_tests.Tests_UI.TempUITests" time="3.13"/>
  <system-out><![CDATA[14:08:18.419 [Test worker] INFO  lms_tests.BaseTest -- [===================================[ fillManyTextBoxes ]===================================]
14:08:18.420 [Test worker] INFO  lms_tests.BaseTest -- TEST START;
14:08:38.694 [Test worker] INFO  lms_tests.BaseTest -- TEST PASSED, Time taken: [20274] milliseconds;
14:08:39.202 [Test worker] INFO  lms_tests.BaseTest -- [===================================[ textBoxFillTest ]===================================]
14:08:39.202 [Test worker] INFO  lms_tests.BaseTest -- TEST START;
14:08:42.768 [Test worker] INFO  lms_tests.BaseTest -- TEST PASSED, Time taken: [3566] milliseconds;
]]></system-out>
  <system-err><![CDATA[]]></system-err>
</testsuite>
